<?xml version="1.0" encoding="UTF-8"?>
<testng-results ignored="0" total="1" passed="1" failed="0" skipped="0">
  <reporter-output>
  </reporter-output>
  <suite started-at="2023-03-05T16:27:09 IST" name="Suite" finished-at="2023-03-05T16:27:16 IST" duration-ms="6614">
    <groups>
    </groups>
    <test started-at="2023-03-05T16:27:09 IST" name="Test" finished-at="2023-03-05T16:27:16 IST" duration-ms="6614">
      <class name="com.demo.www.Sample">
        <test-method is-config="true" signature="setUp()[pri:0, instance:com.demo.www.Sample@194bcebf]" started-at="2023-03-05T16:26:52 IST" name="setUp" finished-at="2023-03-05T16:27:09 IST" duration-ms="17956" status="PASS">
          <reporter-output>
          </reporter-output>
        </test-method> <!-- setUp -->
        <test-method signature="LoginPage()[pri:0, instance:com.demo.www.Sample@194bcebf]" started-at="2023-03-05T16:27:10 IST" name="LoginPage" finished-at="2023-03-05T16:27:16 IST" duration-ms="6571" status="PASS">
          <reporter-output>
          </reporter-output>
        </test-method> <!-- LoginPage -->
        <test-method is-config="true" signature="tearDown()[pri:0, instance:com.demo.www.Sample@194bcebf]" started-at="2023-03-05T16:27:16 IST" name="tearDown" finished-at="2023-03-05T16:27:17 IST" duration-ms="1247" status="PASS">
          <reporter-output>
          </reporter-output>
        </test-method> <!-- tearDown -->
      </class> <!-- com.demo.www.Sample -->
    </test> <!-- Test -->
  </suite> <!-- Suite -->
</testng-results>
